<?xml version="1.0" encoding="UTF-8"?>
<testng-results ignored="0" total="2" passed="2" failed="0" skipped="0">
  <reporter-output>
  </reporter-output>
  <suite started-at="2026-01-19T11:12:29 IST" name="Suite" finished-at="2026-01-19T11:12:29 IST" duration-ms="79">
    <groups>
    </groups>
    <test started-at="2026-01-19T11:12:29 IST" name="Test" finished-at="2026-01-19T11:12:29 IST" duration-ms="79">
      <class name="pgg1.sample1">
        <test-method signature="dispaly()[pri:0, instance:pgg1.sample1@242b836]" started-at="2026-01-19T11:12:29 IST" name="dispaly" finished-at="2026-01-19T11:12:29 IST" duration-ms="9" status="PASS">
          <reporter-output>
          </reporter-output>
        </test-method> <!-- dispaly -->
      </class> <!-- pgg1.sample1 -->
      <class name="pgg1.NewTest">
        <test-method is-config="true" signature="beforeClass()[pri:0, instance:pgg1.NewTest@78e4deb0]" started-at="2026-01-19T11:12:29 IST" name="beforeClass" finished-at="2026-01-19T11:12:29 IST" duration-ms="7" status="PASS">
          <reporter-output>
          </reporter-output>
        </test-method> <!-- beforeClass -->
        <test-method is-config="true" signature="beforeMethod()[pri:0, instance:pgg1.NewTest@78e4deb0]" started-at="2026-01-19T11:12:29 IST" name="beforeMethod" finished-at="2026-01-19T11:12:29 IST" duration-ms="1" status="PASS">
          <reporter-output>
          </reporter-output>
        </test-method> <!-- beforeMethod -->
        <test-method signature="f()[pri:0, instance:pgg1.NewTest@78e4deb0]" started-at="2026-01-19T11:12:29 IST" name="f" finished-at="2026-01-19T11:12:29 IST" duration-ms="2" status="PASS">
          <reporter-output>
          </reporter-output>
        </test-method> <!-- f -->
      </class> <!-- pgg1.NewTest -->
    </test> <!-- Test -->
  </suite> <!-- Suite -->
</testng-results>
