<?xml version="1.0" encoding="UTF-8"?>
<!-- Generated by org.testng.reporters.JUnitReportReporter -->
<testsuite hostname="DESKTOP-FJT5Q95" failures="0" tests="1" name="stepdefinitions.TestRunner" time="6.392" errors="1" timestamp="2026-02-11T16:48:33 IST" skipped="0">
  <testcase classname="stepdefinitions.TestRunner" name="runScenario" time="6.392">
    <error message="The step &#039;user is navigated to sea rch results&#039; is undefined.
You can implement this step using the snippet(s) below:

@Then(&quot;user is navigated to sea rch results&quot;)
public void user_is_navigated_to_sea_rch_results() {
    // Write code here that turns the phrase above into concrete actions
    throw new io.cucumber.java.PendingException();
}
" type="io.cucumber.testng.UndefinedStepException">
      <![CDATA[io.cucumber.testng.UndefinedStepException: The step 'user is navigated to sea rch results' is undefined.
You can implement this step using the snippet(s) below:

@Then("user is navigated to sea rch results")
public void user_is_navigated_to_sea_rch_results() {
    // Write code here that turns the phrase above into concrete actions
    throw new io.cucumber.java.PendingException();
}

at ✽.user is navigated to sea rch results(file:///E:/javaprojects/eclipse-workspace5/bdd_slnm_testng_int/src/test/resources/feature/googlesearch.feature:10)
]]>
    </error>
  </testcase> <!-- runScenario -->
</testsuite> <!-- stepdefinitions.TestRunner -->
