<?xml version="1.0" encoding="UTF-8"?>
<!-- Generated by org.testng.reporters.JUnitXMLReporter -->
<testsuite ignored="0" hostname="DESKTOP-FJT5Q95" failures="0" tests="6" name="Default test" time="0.082" errors="0" timestamp="2026-01-21T15:22:57 IST">
  <testcase classname="parametrization_demo.DP_test" name="testMethod" time="0.009"/>
  <testcase classname="parametrization_demo.DP_test" name="testMethod" time="0.002"/>
  <testcase classname="parametrization_demo.DP_test" name="testMethod" time="0.001"/>
  <testcase classname="parametrization_demo.DP_test" name="testMethod1" time="0.003"/>
  <testcase classname="parametrization_demo.DP_test" name="testMethod1" time="0.001"/>
  <testcase classname="parametrization_demo.DP_test" name="testMethod1" time="0.002"/>
</testsuite> <!-- Default test -->
