<?xml version="1.0" encoding="UTF-8"?>
<!-- Generated by org.testng.reporters.JUnitXMLReporter -->
<testsuite ignored="0" hostname="DESKTOP-FJT5Q95" failures="1" tests="1" name="Test" time="7.151" errors="0" timestamp="2026-02-11T16:48:33 IST">
  <testcase classname="io.cucumber.testng.AbstractTestNGCucumberTests" name="runScenario" time="6.392">
    <failure type="io.cucumber.testng.UndefinedStepException" message="The step &amp;apos;user is navigated to sea rch results&amp;apos; is undefined.
You can implement this step using the snippet(s) below:

@Then(&amp;quot;user is navigated to sea rch results&amp;quot;)
public void user_is_navigated_to_sea_rch_results() {
    // Write code here that turns the phrase above into concrete actions
    throw new io.cucumber.java.PendingException();
}
">
      <![CDATA[io.cucumber.testng.UndefinedStepException: The step 'user is navigated to sea rch results' is undefined.
You can implement this step using the snippet(s) below:

@Then("user is navigated to sea rch results")
public void user_is_navigated_to_sea_rch_results() {
    // Write code here that turns the phrase above into concrete actions
    throw new io.cucumber.java.PendingException();
}

at ✽.user is navigated to sea rch results(file:///E:/javaprojects/eclipse-workspace5/bdd_slnm_testng_int/src/test/resources/feature/googlesearch.feature:10)
]]>
    </failure>
  </testcase> <!-- runScenario -->
</testsuite> <!-- Test -->
