<?xml version="1.0" encoding="UTF-8"?>
<testng-results ignored="0" total="3" passed="2" failed="1" skipped="0">
  <reporter-output>
  </reporter-output>
  <suite started-at="2026-01-21T15:35:36 IST" name="Suite" finished-at="2026-01-21T15:35:36 IST" duration-ms="292">
    <groups>
    </groups>
    <test started-at="2026-01-21T15:35:36 IST" name="Test" finished-at="2026-01-21T15:35:36 IST" duration-ms="292">
      <class name="attributes.timeout_demo">
        <test-method signature="f1()[pri:0, instance:attributes.timeout_demo@222545dc]" started-at="2026-01-21T15:35:36 IST" name="f1" finished-at="2026-01-21T15:35:36 IST" duration-ms="11" status="PASS">
          <reporter-output>
          </reporter-output>
        </test-method> <!-- f1 -->
        <test-method signature="f2()[pri:0, instance:attributes.timeout_demo@222545dc]" started-at="2026-01-21T15:35:36 IST" name="f2" finished-at="2026-01-21T15:35:36 IST" duration-ms="215" status="FAIL">
          <exception class="org.testng.internal.thread.ThreadTimeoutException">
            <message>
              <![CDATA[Method attributes.timeout_demo.f2() didn't finish within the time-out 200]]>
            </message>
            <full-stacktrace>
              <![CDATA[org.testng.internal.thread.ThreadTimeoutException: Method attributes.timeout_demo.f2() didn't finish within the time-out 200
at java.base/java.lang.Thread.sleep0(Native Method)
at java.base/java.lang.Thread.sleep(Thread.java:509)
at attributes.timeout_demo.f2(timeout_demo.java:13)
at java.base/jdk.internal.reflect.DirectMethodHandleAccessor.invoke(DirectMethodHandleAccessor.java:103)
at java.base/java.lang.reflect.Method.invoke(Method.java:580)
at org.testng.internal.invokers.MethodInvocationHelper.invokeMethod(MethodInvocationHelper.java:141)
at org.testng.internal.invokers.InvokeMethodRunnable.runOne(InvokeMethodRunnable.java:47)
at org.testng.internal.invokers.InvokeMethodRunnable.call(InvokeMethodRunnable.java:76)
at org.testng.internal.invokers.InvokeMethodRunnable.call(InvokeMethodRunnable.java:11)
at java.base/java.util.concurrent.FutureTask.run(FutureTask.java:317)
at java.base/java.util.concurrent.ThreadPoolExecutor.runWorker(ThreadPoolExecutor.java:1144)
at java.base/java.util.concurrent.ThreadPoolExecutor$Worker.run(ThreadPoolExecutor.java:642)
at java.base/java.lang.Thread.run(Thread.java:1583)
]]>
            </full-stacktrace>
          </exception> <!-- org.testng.internal.thread.ThreadTimeoutException -->
          <reporter-output>
          </reporter-output>
        </test-method> <!-- f2 -->
        <test-method signature="f3()[pri:0, instance:attributes.timeout_demo@222545dc]" started-at="2026-01-21T15:35:36 IST" name="f3" finished-at="2026-01-21T15:35:36 IST" duration-ms="3" status="PASS">
          <reporter-output>
          </reporter-output>
        </test-method> <!-- f3 -->
      </class> <!-- attributes.timeout_demo -->
    </test> <!-- Test -->
  </suite> <!-- Suite -->
</testng-results>
