<?xml version="1.0" encoding="UTF-8"?>
<!-- Generated by org.testng.reporters.JUnitReportReporter -->
<testsuite hostname="DESKTOP-FJT5Q95" failures="0" tests="6" name="parametrization_demo.DP_test" time="0.018" errors="0" timestamp="2026-01-21T15:22:57 IST" skipped="0">
  <testcase classname="parametrization_demo.DP_test" name="testMethod1" time="0.003"/>
  <testcase classname="parametrization_demo.DP_test" name="testMethod1" time="0.001"/>
  <testcase classname="parametrization_demo.DP_test" name="testMethod" time="0.001"/>
  <testcase classname="parametrization_demo.DP_test" name="testMethod" time="0.009"/>
  <testcase classname="parametrization_demo.DP_test" name="testMethod1" time="0.002"/>
  <testcase classname="parametrization_demo.DP_test" name="testMethod" time="0.002"/>
</testsuite> <!-- parametrization_demo.DP_test -->
