<?xml version="1.0" encoding="UTF-8"?>
<!-- Generated by org.testng.reporters.JUnitReportReporter -->
<testsuite hostname="DESKTOP-FJT5Q95" failures="0" tests="2" name="listener_example.enabled_ex" time="0.021" errors="0" timestamp="2026-01-20T21:46:58 IST" skipped="1">
  <testcase classname="listener_example.enabled_ex" name="f1" time="0.021"/>
  <testcase classname="listener_example.enabled_ex" name="f">
    <skipped/>
  </testcase> <!-- f -->
</testsuite> <!-- listener_example.enabled_ex -->
