<?xml version="1.0" encoding="UTF-8"?>
<!-- Generated by org.testng.reporters.JUnitReportReporter -->
<testsuite hostname="DESKTOP-FJT5Q95" failures="0" tests="4" name="runparallel.parallel_ex" time="0.023" errors="0" timestamp="2026-01-21T10:15:57 IST" skipped="0">
  <testcase classname="runparallel.parallel_ex" name="f3" time="0.002"/>
  <testcase classname="runparallel.parallel_ex" name="f2" time="0.003"/>
  <testcase classname="runparallel.parallel_ex" name="f4" time="0.003"/>
  <testcase classname="runparallel.parallel_ex" name="f1" time="0.015"/>
</testsuite> <!-- runparallel.parallel_ex -->
