<?xml version="1.0" encoding="UTF-8"?>
<!-- Generated by org.testng.reporters.JUnitReportReporter -->
<testsuite hostname="DESKTOP-FJT5Q95" failures="0" tests="3" name="attributes.dependsonmethods_demo" time="0.227" errors="1" timestamp="2026-01-20T17:10:32 IST" skipped="1">
  <testcase classname="attributes.dependsonmethods_demo" name="APIStudentLogin" time="0.000">
    <skipped/>
  </testcase> <!-- APIStudentLogin -->
  <testcase classname="attributes.dependsonmethods_demo" name="WebStudentLogin" time="0.217">
    <error message="Method attributes.dependsonmethods_demo.WebStudentLogin() didn&#039;t finish within the time-out 200" type="org.testng.internal.thread.ThreadTimeoutException">
      <![CDATA[org.testng.internal.thread.ThreadTimeoutException: Method attributes.dependsonmethods_demo.WebStudentLogin() didn't finish within the time-out 200
at java.base/java.lang.Thread.sleep0(Native Method)
at java.base/java.lang.Thread.sleep(Thread.java:509)
at attributes.dependsonmethods_demo.WebStudentLogin(dependsonmethods_demo.java:8)
at java.base/jdk.internal.reflect.DirectMethodHandleAccessor.invoke(DirectMethodHandleAccessor.java:103)
at java.base/java.lang.reflect.Method.invoke(Method.java:580)
at org.testng.internal.invokers.MethodInvocationHelper.invokeMethod(MethodInvocationHelper.java:141)
at org.testng.internal.invokers.InvokeMethodRunnable.runOne(InvokeMethodRunnable.java:47)
at org.testng.internal.invokers.InvokeMethodRunnable.call(InvokeMethodRunnable.java:76)
at org.testng.internal.invokers.InvokeMethodRunnable.call(InvokeMethodRunnable.java:11)
at java.base/java.util.concurrent.FutureTask.run(FutureTask.java:317)
at java.base/java.util.concurrent.ThreadPoolExecutor.runWorker(ThreadPoolExecutor.java:1144)
at java.base/java.util.concurrent.ThreadPoolExecutor$Worker.run(ThreadPoolExecutor.java:642)
at java.base/java.lang.Thread.run(Thread.java:1583)
]]>
    </error>
  </testcase> <!-- WebStudentLogin -->
  <testcase classname="attributes.dependsonmethods_demo" name="MobileStudentLogin" time="0.010"/>
</testsuite> <!-- attributes.dependsonmethods_demo -->
