<?xml version="1.0" encoding="UTF-8"?>
<!-- Generated by org.testng.reporters.JUnitReportReporter -->
<testsuite hostname="DESKTOP-FJT5Q95" failures="0" tests="4" name="pkg1.NewTest" time="0.015" errors="0" timestamp="2026-01-20T14:29:50 IST" skipped="0">
  <testcase classname="pkg1.NewTest" name="f2" time="0.002"/>
  <testcase classname="pkg1.NewTest" name="f1" time="0.004"/>
  <testcase classname="pkg1.NewTest" name="f2" time="0.001"/>
  <testcase classname="pkg1.NewTest" name="f1" time="0.008"/>
</testsuite> <!-- pkg1.NewTest -->
