<?xml version="1.0" encoding="UTF-8"?>
<!-- Generated by org.testng.reporters.JUnitReportReporter -->
<testsuite hostname="DESKTOP-FJT5Q95" failures="0" tests="3" name="attributes.priority_demo" time="0.027" errors="0" timestamp="2026-01-20T17:00:36 IST" skipped="0">
  <testcase classname="attributes.priority_demo" name="c" time="0.022"/>
  <testcase classname="attributes.priority_demo" name="zebra" time="0.003"/>
  <testcase classname="attributes.priority_demo" name="b" time="0.002"/>
</testsuite> <!-- attributes.priority_demo -->
