<?xml version="1.0" encoding="UTF-8"?>
<!-- Generated by org.testng.reporters.JUnitXMLReporter -->
<testsuite ignored="0" hostname="DESKTOP-FJT5Q95" failures="1" tests="3" name="Test" time="0.292" errors="0" timestamp="2026-01-21T15:35:36 IST">
  <testcase classname="attributes.timeout_demo" name="f1" time="0.011"/>
  <testcase classname="attributes.timeout_demo" name="f2" time="0.215">
    <failure type="org.testng.internal.thread.ThreadTimeoutException" message="Method attributes.timeout_demo.f2() didn&amp;apos;t finish within the time-out 200">
      <![CDATA[org.testng.internal.thread.ThreadTimeoutException: Method attributes.timeout_demo.f2() didn't finish within the time-out 200
at java.base/java.lang.Thread.sleep0(Native Method)
at java.base/java.lang.Thread.sleep(Thread.java:509)
at attributes.timeout_demo.f2(timeout_demo.java:13)
at java.base/java.util.concurrent.FutureTask.run(FutureTask.java:317)
at java.base/java.util.concurrent.ThreadPoolExecutor.runWorker(ThreadPoolExecutor.java:1144)
at java.base/java.util.concurrent.ThreadPoolExecutor$Worker.run(ThreadPoolExecutor.java:642)
at java.base/java.lang.Thread.run(Thread.java:1583)
... Removed 6 stack frames]]>
    </failure>
  </testcase> <!-- f2 -->
  <testcase classname="attributes.timeout_demo" name="f3" time="0.003"/>
</testsuite> <!-- Test -->
