<?xml version="1.0" encoding="UTF-8"?>
<!-- Generated by org.testng.reporters.JUnitXMLReporter -->
<testsuite ignored="0" hostname="DESKTOP-FJT5Q95" failures="0" tests="4" name="Test1" time="0.073" errors="0" timestamp="2026-01-21T10:14:19 IST">
  <testcase classname="runparallel.parallel_ex" name="f1" time="0.017"/>
  <testcase classname="runparallel.parallel_ex" name="f2" time="0.002"/>
  <testcase classname="runparallel.parallel_ex" name="f3" time="0.002"/>
  <testcase classname="runparallel.parallel_ex" name="f4" time="0.002"/>
</testsuite> <!-- Test1 -->
